Using pre-set license
Built from '2020.2/staging' branch; Version is '2020.2.3f1 (8ff31bc5bf5b) revision 9433883'; Using compiler version '192528614'; Build Type 'Release'
OS: 'Windows 10 Pro; OS build 19041.985; Version 2004; 64bit' Language: 'hu' Physical Memory: 4023 MB
BatchMode: 1, IsHumanControllingUs: 0, StartBugReporterOnCrash: 0, Is64bit: 1, IsPro: 0

 COMMAND LINE ARGUMENTS:
C:\Program Files\Unity\Hub\Editor\2020.2.3f1\Editor\Unity.exe
-adb2
-batchMode
-noUpm
-name
AssetImportWorker1
-projectPath
D:/3D_Jatek/3D_Jatek/3D_Jatek
-logFile
Logs/AssetImportWorker1.log
-srvPort
53653
Successfully changed project path to: D:/3D_Jatek/3D_Jatek/3D_Jatek
D:/3D_Jatek/3D_Jatek/3D_Jatek
Using Asset Import Pipeline V2.
Refreshing native plugins compatible for Editor in 85.94 ms, found 0 plugins.
Preloading 0 native plugins for Editor in 0.00 ms.
Initialize engine version: 2020.2.3f1 (8ff31bc5bf5b)
[Subsystems] Discovering subsystems at path C:/Program Files/Unity/Hub/Editor/2020.2.3f1/Editor/Data/Resources/UnitySubsystems
[Subsystems] Discovering subsystems at path D:/3D_Jatek/3D_Jatek/3D_Jatek/Assets
GfxDevice: creating device client; threaded=0
Direct3D:
    Version:  Direct3D 11.0 [level 11.0]
    Renderer: NVIDIA GeForce 840M (ID=0x1341)
    Vendor:   
    VRAM:     2010 MB
    Driver:   26.21.14.4614
Initialize mono
Mono path[0] = 'C:/Program Files/Unity/Hub/Editor/2020.2.3f1/Editor/Data/Managed'
Mono path[1] = 'C:/Program Files/Unity/Hub/Editor/2020.2.3f1/Editor/Data/MonoBleedingEdge/lib/mono/unityjit'
Mono config path = 'C:/Program Files/Unity/Hub/Editor/2020.2.3f1/Editor/Data/MonoBleedingEdge/etc'
Using monoOptions --debugger-agent=transport=dt_socket,embedding=1,server=y,suspend=n,address=127.0.0.1:56960
Begin MonoManager ReloadAssembly
Registering precompiled unity dll's ...
Register platform support module: C:/Program Files/Unity/Hub/Editor/2020.2.3f1/Editor/Data/PlaybackEngines/WindowsStandaloneSupport/UnityEditor.WindowsStandalone.Extensions.dll
Registered in 0.005548 seconds.
Native extension for WindowsStandalone target not found
Refreshing native plugins compatible for Editor in 83.76 ms, found 0 plugins.
Preloading 0 native plugins for Editor in 0.00 ms.
Invoked RoslynAnalysisRunner static constructor.
RoslynAnalysisRunner will not be running.
RoslynAnalysisRunner has terminated.
Mono: successfully reloaded assembly
- Completed reload, in  4.659 seconds
Platform modules already initialized, skipping
Registering precompiled user dll's ...
Registered in 0.001395 seconds.
Begin MonoManager ReloadAssembly
Native extension for WindowsStandalone target not found
Refreshing native plugins compatible for Editor in 0.42 ms, found 0 plugins.
Preloading 0 native plugins for Editor in 0.00 ms.
Invoked RoslynAnalysisRunner static constructor.
RoslynAnalysisRunner will not be running.
RoslynAnalysisRunner has terminated.
Mono: successfully reloaded assembly
- Completed reload, in  2.955 seconds
Platform modules already initialized, skipping
========================================================================
Worker process is ready to serve import requests
Launched and connected shader compiler UnityShaderCompiler.exe after 0.32 seconds
Refreshing native plugins compatible for Editor in 0.58 ms, found 0 plugins.
Preloading 0 native plugins for Editor in 0.00 ms.
Unloading 1101 Unused Serialized files (Serialized files now loaded: 0)
System memory in use before: 56.7 MB.
System memory in use after: 56.7 MB.

Unloading 10 unused Assets to reduce memory usage. Loaded Objects now: 1542.
Total: 5.507300 ms (FindLiveObjects: 0.340500 ms CreateObjectMapping: 0.146500 ms MarkObjects: 4.749600 ms  DeleteObjects: 0.266600 ms)

========================================================================
Received Import Request.
  path: Assets/Akadaly.cs
  artifactKey: Guid(f74a89ad0eb616841afe2659e5b38b09) Importer(815301076,1909f56bfc062723c751e8b465ee728b)
Start importing Assets/Akadaly.cs using Guid(f74a89ad0eb616841afe2659e5b38b09) Importer(815301076,1909f56bfc062723c751e8b465ee728b)  -> (artifact id: 'a268b015bb9bed40dc6b30932e5b757f') in 0.107261 seconds
  Import took 0.123043 seconds .

========================================================================
Received Prepare
Registering precompiled user dll's ...
Registered in 0.000847 seconds.
Begin MonoManager ReloadAssembly
Native extension for WindowsStandalone target not found
Refreshing native plugins compatible for Editor in 0.37 ms, found 0 plugins.
Preloading 0 native plugins for Editor in 0.00 ms.
Invoked RoslynAnalysisRunner static constructor.
RoslynAnalysisRunner will not be running.
RoslynAnalysisRunner has terminated.
Mono: successfully reloaded assembly
- Completed reload, in  1.686 seconds
Platform modules already initialized, skipping
Refreshing native plugins compatible for Editor in 0.32 ms, found 0 plugins.
Preloading 0 native plugins for Editor in 0.00 ms.
Unloading 1096 Unused Serialized files (Serialized files now loaded: 0)
System memory in use before: 56.6 MB.
System memory in use after: 56.7 MB.

Unloading 5 unused Assets to reduce memory usage. Loaded Objects now: 1544.
Total: 4.475000 ms (FindLiveObjects: 0.247200 ms CreateObjectMapping: 0.119700 ms MarkObjects: 3.840000 ms  DeleteObjects: 0.263800 ms)

========================================================================
Received Import Request.
  Time since last request: 185.289484 seconds.
  path: Assets/Akadaly.cs
  artifactKey: Guid(f74a89ad0eb616841afe2659e5b38b09) Importer(815301076,1909f56bfc062723c751e8b465ee728b)
Start importing Assets/Akadaly.cs using Guid(f74a89ad0eb616841afe2659e5b38b09) Importer(815301076,1909f56bfc062723c751e8b465ee728b)  -> (artifact id: 'a6de8fcdb377d699811abab7d8ad03be') in 0.008125 seconds
  Import took 0.061072 seconds .

========================================================================
Received Prepare
Registering precompiled user dll's ...
Registered in 0.000877 seconds.
Begin MonoManager ReloadAssembly
Native extension for WindowsStandalone target not found
Refreshing native plugins compatible for Editor in 0.35 ms, found 0 plugins.
Preloading 0 native plugins for Editor in 0.00 ms.
Invoked RoslynAnalysisRunner static constructor.
RoslynAnalysisRunner will not be running.
RoslynAnalysisRunner has terminated.
Mono: successfully reloaded assembly
- Completed reload, in  1.666 seconds
Platform modules already initialized, skipping
Refreshing native plugins compatible for Editor in 0.31 ms, found 0 plugins.
Preloading 0 native plugins for Editor in 0.00 ms.
Unloading 1096 Unused Serialized files (Serialized files now loaded: 0)
System memory in use before: 56.6 MB.
System memory in use after: 56.7 MB.

Unloading 5 unused Assets to reduce memory usage. Loaded Objects now: 1546.
Total: 2.780000 ms (FindLiveObjects: 0.279900 ms CreateObjectMapping: 0.092900 ms MarkObjects: 2.318100 ms  DeleteObjects: 0.086800 ms)

========================================================================
Received Prepare
Registering precompiled user dll's ...
Registered in 0.000924 seconds.
Begin MonoManager ReloadAssembly
Native extension for WindowsStandalone target not found
Refreshing native plugins compatible for Editor in 0.32 ms, found 0 plugins.
Preloading 0 native plugins for Editor in 0.00 ms.
Invoked RoslynAnalysisRunner static constructor.
RoslynAnalysisRunner will not be running.
RoslynAnalysisRunner has terminated.
Mono: successfully reloaded assembly
- Completed reload, in  1.879 seconds
Platform modules already initialized, skipping
Refreshing native plugins compatible for Editor in 0.31 ms, found 0 plugins.
Preloading 0 native plugins for Editor in 0.00 ms.
Unloading 1096 Unused Serialized files (Serialized files now loaded: 0)
System memory in use before: 56.7 MB.
System memory in use after: 56.7 MB.

Unloading 5 unused Assets to reduce memory usage. Loaded Objects now: 1548.
Total: 2.695700 ms (FindLiveObjects: 0.313600 ms CreateObjectMapping: 0.108700 ms MarkObjects: 2.188600 ms  DeleteObjects: 0.082600 ms)

========================================================================
Received Prepare
Registering precompiled user dll's ...
Registered in 0.000921 seconds.
Begin MonoManager ReloadAssembly
Native extension for WindowsStandalone target not found
Refreshing native plugins compatible for Editor in 0.42 ms, found 0 plugins.
Preloading 0 native plugins for Editor in 0.00 ms.
Invoked RoslynAnalysisRunner static constructor.
RoslynAnalysisRunner will not be running.
RoslynAnalysisRunner has terminated.
Mono: successfully reloaded assembly
- Completed reload, in  1.871 seconds
Platform modules already initialized, skipping
Refreshing native plugins compatible for Editor in 0.38 ms, found 0 plugins.
Preloading 0 native plugins for Editor in 0.00 ms.
Unloading 1096 Unused Serialized files (Serialized files now loaded: 0)
System memory in use before: 56.7 MB.
System memory in use after: 56.8 MB.

Unloading 5 unused Assets to reduce memory usage. Loaded Objects now: 1550.
Total: 3.736700 ms (FindLiveObjects: 0.336200 ms CreateObjectMapping: 0.158700 ms MarkObjects: 3.136200 ms  DeleteObjects: 0.102300 ms)

========================================================================
Received Prepare
Registering precompiled user dll's ...
Registered in 0.000905 seconds.
Begin MonoManager ReloadAssembly
Native extension for WindowsStandalone target not found
Refreshing native plugins compatible for Editor in 0.31 ms, found 0 plugins.
Preloading 0 native plugins for Editor in 0.00 ms.
Invoked RoslynAnalysisRunner static constructor.
RoslynAnalysisRunner will not be running.
RoslynAnalysisRunner has terminated.
Mono: successfully reloaded assembly
- Completed reload, in  1.686 seconds
Platform modules already initialized, skipping
Refreshing native plugins compatible for Editor in 1.98 ms, found 0 plugins.
Preloading 0 native plugins for Editor in 0.00 ms.
Unloading 1096 Unused Serialized files (Serialized files now loaded: 0)
System memory in use before: 56.7 MB.
System memory in use after: 56.8 MB.

Unloading 5 unused Assets to reduce memory usage. Loaded Objects now: 1552.
Total: 4.234800 ms (FindLiveObjects: 0.241900 ms CreateObjectMapping: 0.115500 ms MarkObjects: 3.779700 ms  DeleteObjects: 0.094800 ms)

========================================================================
Received Prepare
Registering precompiled user dll's ...
Registered in 0.000831 seconds.
Begin MonoManager ReloadAssembly
Native extension for WindowsStandalone target not found
Refreshing native plugins compatible for Editor in 0.36 ms, found 0 plugins.
Preloading 0 native plugins for Editor in 0.00 ms.
Invoked RoslynAnalysisRunner static constructor.
RoslynAnalysisRunner will not be running.
RoslynAnalysisRunner has terminated.
Mono: successfully reloaded assembly
- Completed reload, in  1.932 seconds
Platform modules already initialized, skipping
Refreshing native plugins compatible for Editor in 0.31 ms, found 0 plugins.
Preloading 0 native plugins for Editor in 0.00 ms.
Unloading 1096 Unused Serialized files (Serialized files now loaded: 0)
System memory in use before: 56.7 MB.
System memory in use after: 56.8 MB.

Unloading 5 unused Assets to reduce memory usage. Loaded Objects now: 1554.
Total: 3.056500 ms (FindLiveObjects: 0.466100 ms CreateObjectMapping: 0.138000 ms MarkObjects: 2.361700 ms  DeleteObjects: 0.088300 ms)

========================================================================
Received Prepare
Registering precompiled user dll's ...
Registered in 0.000903 seconds.
Begin MonoManager ReloadAssembly
Native extension for WindowsStandalone target not found
Refreshing native plugins compatible for Editor in 0.49 ms, found 0 plugins.
Preloading 0 native plugins for Editor in 0.00 ms.
Invoked RoslynAnalysisRunner static constructor.
RoslynAnalysisRunner will not be running.
RoslynAnalysisRunner has terminated.
Mono: successfully reloaded assembly
- Completed reload, in  1.726 seconds
Platform modules already initialized, skipping
Refreshing native plugins compatible for Editor in 0.34 ms, found 0 plugins.
Preloading 0 native plugins for Editor in 0.00 ms.
Unloading 1096 Unused Serialized files (Serialized files now loaded: 0)
System memory in use before: 56.7 MB.
System memory in use after: 56.8 MB.

Unloading 5 unused Assets to reduce memory usage. Loaded Objects now: 1556.
Total: 2.559900 ms (FindLiveObjects: 0.203200 ms CreateObjectMapping: 0.073800 ms MarkObjects: 2.191600 ms  DeleteObjects: 0.089300 ms)

========================================================================
Received Import Request.
  Time since last request: 864.348957 seconds.
  path: Assets/Piros.mat
  artifactKey: Guid(908f1495b78b92c4a90523cb949bef7d) Importer(815301076,1909f56bfc062723c751e8b465ee728b)
Start importing Assets/Piros.mat using Guid(908f1495b78b92c4a90523cb949bef7d) Importer(815301076,1909f56bfc062723c751e8b465ee728b)  -> (artifact id: '29128838d13bbade2ae5e8627cca9389') in 0.280782 seconds
  Import took 0.285920 seconds .

========================================================================
Received Import Request.
  Time since last request: 9.625441 seconds.
  path: Assets/Piros.mat
  artifactKey: Guid(908f1495b78b92c4a90523cb949bef7d) Importer(815301076,1909f56bfc062723c751e8b465ee728b)
Start importing Assets/Piros.mat using Guid(908f1495b78b92c4a90523cb949bef7d) Importer(815301076,1909f56bfc062723c751e8b465ee728b)  -> (artifact id: '64bea10e1bc8b2bd83d1ccfb0f1f4106') in 0.069977 seconds
  Import took 0.078510 seconds .

========================================================================
Received Import Request.
  Time since last request: 40.796068 seconds.
  path: Assets/Zöld.mat
  artifactKey: Guid(d521f2a04b3f6604eb587c9a9bc1091c) Importer(815301076,1909f56bfc062723c751e8b465ee728b)
Start importing Assets/Zöld.mat using Guid(d521f2a04b3f6604eb587c9a9bc1091c) Importer(815301076,1909f56bfc062723c751e8b465ee728b)  -> (artifact id: '961ec67b6dc3aa64994cc70c5d1f7adf') in 0.040154 seconds
  Import took 0.195919 seconds .

========================================================================
Received Import Request.
  Time since last request: 8.902663 seconds.
  path: Assets/Zöld.mat
  artifactKey: Guid(d521f2a04b3f6604eb587c9a9bc1091c) Importer(815301076,1909f56bfc062723c751e8b465ee728b)
Start importing Assets/Zöld.mat using Guid(d521f2a04b3f6604eb587c9a9bc1091c) Importer(815301076,1909f56bfc062723c751e8b465ee728b)  -> (artifact id: '59e1c23fb09cdfaf2990894ab9dba5dd') in 0.079231 seconds
  Import took 0.087217 seconds .

========================================================================
Received Import Request.
  Time since last request: 317.133267 seconds.
  path: Assets/Obstache.prefab
  artifactKey: Guid(2f9fc80a579269146a77560e9a3e61a4) Importer(815301076,1909f56bfc062723c751e8b465ee728b)
Start importing Assets/Obstache.prefab using Guid(2f9fc80a579269146a77560e9a3e61a4) Importer(815301076,1909f56bfc062723c751e8b465ee728b)  -> (artifact id: '0978b5f08c4f61d19176d357dd6f50c2') in 0.085695 seconds
  Import took 0.095642 seconds .

========================================================================
Received Import Request.
  Time since last request: 219.368472 seconds.
  path: Assets/Obstache (1).prefab
  artifactKey: Guid(5de8de986d44afa43b3ea704a29cdaba) Importer(815301076,1909f56bfc062723c751e8b465ee728b)
Start importing Assets/Obstache (1).prefab using Guid(5de8de986d44afa43b3ea704a29cdaba) Importer(815301076,1909f56bfc062723c751e8b465ee728b)  -> (artifact id: 'be5ee0849e06e3e2662b4bd6f50962ad') in 0.037106 seconds
  Import took 0.083412 seconds .

========================================================================
Received Import Request.
  Time since last request: 0.003760 seconds.
  path: Assets/Obstache (1).prefab
  artifactKey: Guid(5de8de986d44afa43b3ea704a29cdaba) Importer(815301076,1909f56bfc062723c751e8b465ee728b)
Start importing Assets/Obstache (1).prefab using Guid(5de8de986d44afa43b3ea704a29cdaba) Importer(815301076,1909f56bfc062723c751e8b465ee728b)  -> (artifact id: 'be5ee0849e06e3e2662b4bd6f50962ad') in 0.036194 seconds
  Import took 0.041921 seconds .

========================================================================
Received Import Request.
  Time since last request: 40.437986 seconds.
  path: Assets/ObstachePattern1.prefab
  artifactKey: Guid(989715dd85e68dc439bee7bf46d5638f) Importer(815301076,1909f56bfc062723c751e8b465ee728b)
Start importing Assets/ObstachePattern1.prefab using Guid(989715dd85e68dc439bee7bf46d5638f) Importer(815301076,1909f56bfc062723c751e8b465ee728b)  -> (artifact id: '19775a507b0a6551d522dec0d84b38b7') in 0.062904 seconds
  Import took 0.079518 seconds .

========================================================================
Received Import Request.
  Time since last request: 415.832514 seconds.
  path: Assets/ObstachePattern2.prefab
  artifactKey: Guid(2a90ece9cb18b22459bacd0f611bb292) Importer(815301076,1909f56bfc062723c751e8b465ee728b)
Start importing Assets/ObstachePattern2.prefab using Guid(2a90ece9cb18b22459bacd0f611bb292) Importer(815301076,1909f56bfc062723c751e8b465ee728b)  -> (artifact id: '21f44f01954f2743b0a0337a3ede30bd') in 0.052011 seconds
  Import took 0.058492 seconds .

========================================================================
Received Import Request.
  Time since last request: 0.007241 seconds.
  path: Assets/ObstachePattern2.prefab
  artifactKey: Guid(2a90ece9cb18b22459bacd0f611bb292) Importer(815301076,1909f56bfc062723c751e8b465ee728b)
Start importing Assets/ObstachePattern2.prefab using Guid(2a90ece9cb18b22459bacd0f611bb292) Importer(815301076,1909f56bfc062723c751e8b465ee728b)  -> (artifact id: '21f44f01954f2743b0a0337a3ede30bd') in 0.030725 seconds
  Import took 0.036805 seconds .

========================================================================
Received Prepare
Registering precompiled user dll's ...
Registered in 0.000884 seconds.
Begin MonoManager ReloadAssembly
Native extension for WindowsStandalone target not found
Refreshing native plugins compatible for Editor in 0.36 ms, found 0 plugins.
Preloading 0 native plugins for Editor in 0.00 ms.
Invoked RoslynAnalysisRunner static constructor.
RoslynAnalysisRunner will not be running.
RoslynAnalysisRunner has terminated.
Mono: successfully reloaded assembly
- Completed reload, in  2.418 seconds
Platform modules already initialized, skipping
Refreshing native plugins compatible for Editor in 0.33 ms, found 0 plugins.
Preloading 0 native plugins for Editor in 0.00 ms.
Unloading 1096 Unused Serialized files (Serialized files now loaded: 0)
System memory in use before: 60.1 MB.
System memory in use after: 60.2 MB.

Unloading 5 unused Assets to reduce memory usage. Loaded Objects now: 1599.
Total: 2.847600 ms (FindLiveObjects: 0.207700 ms CreateObjectMapping: 0.067900 ms MarkObjects: 2.484200 ms  DeleteObjects: 0.086200 ms)

========================================================================
Received Import Request.
  Time since last request: 215.529969 seconds.
  path: Assets/ObstachePattern3.prefab
  artifactKey: Guid(36a852bbae50d0e4d902aab5f0d6955b) Importer(815301076,1909f56bfc062723c751e8b465ee728b)
Start importing Assets/ObstachePattern3.prefab using Guid(36a852bbae50d0e4d902aab5f0d6955b) Importer(815301076,1909f56bfc062723c751e8b465ee728b)  -> (artifact id: 'e8164fc801eab9cdb5e9e567a01e970a') in 0.239098 seconds
  Import took 0.247551 seconds .

========================================================================
Received Import Request.
  Time since last request: 41.617937 seconds.
  path: Assets/Prefabs
  artifactKey: Guid(cd0b3ff7065446c438a6bf8b30a88d73) Importer(815301076,1909f56bfc062723c751e8b465ee728b)
Start importing Assets/Prefabs using Guid(cd0b3ff7065446c438a6bf8b30a88d73) Importer(815301076,1909f56bfc062723c751e8b465ee728b)  -> (artifact id: '6de8c2122dff81093d8a5788cef37e31') in 0.020240 seconds
  Import took 0.026715 seconds .

========================================================================
Received Import Request.
  Time since last request: 35.689178 seconds.
  path: Assets/Material
  artifactKey: Guid(79c8a700de0d1c645b52671d906c334b) Importer(815301076,1909f56bfc062723c751e8b465ee728b)
Start importing Assets/Material using Guid(79c8a700de0d1c645b52671d906c334b) Importer(815301076,1909f56bfc062723c751e8b465ee728b)  -> (artifact id: 'c429dd17b0a605847a8950d13ef6aab6') in 0.039344 seconds
  Import took 0.048615 seconds .

========================================================================
Received Import Request.
  Time since last request: 14.013999 seconds.
  path: Assets/NewBehaviourScript.cs
  artifactKey: Guid(aafbd60277e535749b28a9fa005b6cf1) Importer(815301076,1909f56bfc062723c751e8b465ee728b)
Start importing Assets/NewBehaviourScript.cs using Guid(aafbd60277e535749b28a9fa005b6cf1) Importer(815301076,1909f56bfc062723c751e8b465ee728b)  -> (artifact id: '77a1631e5ca66a0b3455964bb4afa139') in 0.020775 seconds
  Import took 0.031343 seconds .

========================================================================
Received Prepare
Registering precompiled user dll's ...
Registered in 0.000889 seconds.
Begin MonoManager ReloadAssembly
Native extension for WindowsStandalone target not found
Refreshing native plugins compatible for Editor in 0.55 ms, found 0 plugins.
Preloading 0 native plugins for Editor in 0.00 ms.
Invoked RoslynAnalysisRunner static constructor.
RoslynAnalysisRunner will not be running.
RoslynAnalysisRunner has terminated.
Mono: successfully reloaded assembly
- Completed reload, in  1.891 seconds
Platform modules already initialized, skipping
Refreshing native plugins compatible for Editor in 0.32 ms, found 0 plugins.
Preloading 0 native plugins for Editor in 0.00 ms.
Unloading 1096 Unused Serialized files (Serialized files now loaded: 0)
System memory in use before: 60.2 MB.
System memory in use after: 60.2 MB.

Unloading 5 unused Assets to reduce memory usage. Loaded Objects now: 1602.
Total: 3.317100 ms (FindLiveObjects: 0.223200 ms CreateObjectMapping: 0.092900 ms MarkObjects: 2.914300 ms  DeleteObjects: 0.085000 ms)

========================================================================
Received Import Request.
  Time since last request: 19.584019 seconds.
  path: Assets/Scripts
  artifactKey: Guid(779960fa460974d47a2e42cea28d70ff) Importer(815301076,1909f56bfc062723c751e8b465ee728b)
Start importing Assets/Scripts using Guid(779960fa460974d47a2e42cea28d70ff) Importer(815301076,1909f56bfc062723c751e8b465ee728b)  -> (artifact id: 'ddd7463115c35921fcce099e914f1e57') in 0.018783 seconds
  Import took 0.023001 seconds .

========================================================================
Received Import Request.
  Time since last request: 0.009642 seconds.
  path: Assets/Scripts
  artifactKey: Guid(779960fa460974d47a2e42cea28d70ff) Importer(815301076,1909f56bfc062723c751e8b465ee728b)
Start importing Assets/Scripts using Guid(779960fa460974d47a2e42cea28d70ff) Importer(815301076,1909f56bfc062723c751e8b465ee728b)  -> (artifact id: 'ddd7463115c35921fcce099e914f1e57') in 0.005041 seconds
  Import took 0.009442 seconds .

========================================================================
Received Prepare
Registering precompiled user dll's ...
Registered in 0.001285 seconds.
Begin MonoManager ReloadAssembly
Native extension for WindowsStandalone target not found
Refreshing native plugins compatible for Editor in 0.31 ms, found 0 plugins.
Preloading 0 native plugins for Editor in 0.00 ms.
Invoked RoslynAnalysisRunner static constructor.
RoslynAnalysisRunner will not be running.
RoslynAnalysisRunner has terminated.
Mono: successfully reloaded assembly
- Completed reload, in  1.674 seconds
Platform modules already initialized, skipping
Refreshing native plugins compatible for Editor in 0.31 ms, found 0 plugins.
Preloading 0 native plugins for Editor in 0.00 ms.
Unloading 1096 Unused Serialized files (Serialized files now loaded: 0)
System memory in use before: 60.2 MB.
System memory in use after: 60.2 MB.

Unloading 5 unused Assets to reduce memory usage. Loaded Objects now: 1604.
Total: 2.983200 ms (FindLiveObjects: 0.288900 ms CreateObjectMapping: 0.092200 ms MarkObjects: 2.511700 ms  DeleteObjects: 0.088000 ms)

========================================================================
Received Prepare
Registering precompiled user dll's ...
Registered in 0.001332 seconds.
Begin MonoManager ReloadAssembly
Native extension for WindowsStandalone target not found
Refreshing native plugins compatible for Editor in 0.32 ms, found 0 plugins.
Preloading 0 native plugins for Editor in 0.00 ms.
Invoked RoslynAnalysisRunner static constructor.
RoslynAnalysisRunner will not be running.
RoslynAnalysisRunner has terminated.
Mono: successfully reloaded assembly
- Completed reload, in  1.627 seconds
Platform modules already initialized, skipping
Refreshing native plugins compatible for Editor in 0.38 ms, found 0 plugins.
Preloading 0 native plugins for Editor in 0.00 ms.
Unloading 1096 Unused Serialized files (Serialized files now loaded: 0)
System memory in use before: 60.2 MB.
System memory in use after: 60.2 MB.

Unloading 5 unused Assets to reduce memory usage. Loaded Objects now: 1606.
Total: 3.497800 ms (FindLiveObjects: 0.347100 ms CreateObjectMapping: 0.115500 ms MarkObjects: 2.919600 ms  DeleteObjects: 0.112800 ms)

========================================================================
Received Prepare
Registering precompiled user dll's ...
Registered in 0.001328 seconds.
Begin MonoManager ReloadAssembly
Native extension for WindowsStandalone target not found
Refreshing native plugins compatible for Editor in 0.30 ms, found 0 plugins.
Preloading 0 native plugins for Editor in 0.00 ms.
Invoked RoslynAnalysisRunner static constructor.
RoslynAnalysisRunner will not be running.
RoslynAnalysisRunner has terminated.
Mono: successfully reloaded assembly
- Completed reload, in  1.885 seconds
Platform modules already initialized, skipping
Refreshing native plugins compatible for Editor in 0.31 ms, found 0 plugins.
Preloading 0 native plugins for Editor in 0.00 ms.
Unloading 1097 Unused Serialized files (Serialized files now loaded: 0)
System memory in use before: 60.2 MB.
System memory in use after: 60.3 MB.

Unloading 5 unused Assets to reduce memory usage. Loaded Objects now: 1609.
Total: 2.720500 ms (FindLiveObjects: 0.256000 ms CreateObjectMapping: 0.065700 ms MarkObjects: 2.309200 ms  DeleteObjects: 0.087500 ms)

========================================================================
Received Prepare
Registering precompiled user dll's ...
Registered in 0.000854 seconds.
Begin MonoManager ReloadAssembly
Native extension for WindowsStandalone target not found
Refreshing native plugins compatible for Editor in 0.30 ms, found 0 plugins.
Preloading 0 native plugins for Editor in 0.00 ms.
Invoked RoslynAnalysisRunner static constructor.
RoslynAnalysisRunner will not be running.
RoslynAnalysisRunner has terminated.
Mono: successfully reloaded assembly
- Completed reload, in  2.119 seconds
Platform modules already initialized, skipping
Refreshing native plugins compatible for Editor in 0.61 ms, found 0 plugins.
Preloading 0 native plugins for Editor in 0.00 ms.
Unloading 1097 Unused Serialized files (Serialized files now loaded: 0)
System memory in use before: 60.2 MB.
System memory in use after: 60.3 MB.

Unloading 5 unused Assets to reduce memory usage. Loaded Objects now: 1611.
Total: 5.094100 ms (FindLiveObjects: 0.329800 ms CreateObjectMapping: 0.133000 ms MarkObjects: 4.462500 ms  DeleteObjects: 0.165300 ms)

========================================================================
Received Import Request.
  Time since last request: 454.495963 seconds.
  path: Assets/Scripts/Spawner.cs
  artifactKey: Guid(488abf53512241c4d8163eccf0437f31) Importer(815301076,1909f56bfc062723c751e8b465ee728b)
Start importing Assets/Scripts/Spawner.cs using Guid(488abf53512241c4d8163eccf0437f31) Importer(815301076,1909f56bfc062723c751e8b465ee728b)  -> (artifact id: 'b37e16906fe8ba5a4d58e14e2e363388') in 0.020397 seconds
  Import took 0.025769 seconds .

========================================================================
Received Prepare
Registering precompiled user dll's ...
Registered in 0.000870 seconds.
Begin MonoManager ReloadAssembly
Native extension for WindowsStandalone target not found
Refreshing native plugins compatible for Editor in 0.31 ms, found 0 plugins.
Preloading 0 native plugins for Editor in 0.00 ms.
Invoked RoslynAnalysisRunner static constructor.
RoslynAnalysisRunner will not be running.
RoslynAnalysisRunner has terminated.
Mono: successfully reloaded assembly
- Completed reload, in  1.603 seconds
Platform modules already initialized, skipping
Refreshing native plugins compatible for Editor in 0.32 ms, found 0 plugins.
Preloading 0 native plugins for Editor in 0.00 ms.
Unloading 1097 Unused Serialized files (Serialized files now loaded: 0)
System memory in use before: 60.2 MB.
System memory in use after: 60.3 MB.

Unloading 5 unused Assets to reduce memory usage. Loaded Objects now: 1613.
Total: 3.357100 ms (FindLiveObjects: 0.219100 ms CreateObjectMapping: 0.166900 ms MarkObjects: 2.878700 ms  DeleteObjects: 0.090500 ms)

========================================================================
Received Import Request.
  Time since last request: 178.348129 seconds.
  path: Assets/Scripts/Spawner.cs
  artifactKey: Guid(488abf53512241c4d8163eccf0437f31) Importer(815301076,1909f56bfc062723c751e8b465ee728b)
Start importing Assets/Scripts/Spawner.cs using Guid(488abf53512241c4d8163eccf0437f31) Importer(815301076,1909f56bfc062723c751e8b465ee728b)  -> (artifact id: '62bcc4e0c906af8e156285a9597d7378') in 0.007163 seconds
  Import took 0.012047 seconds .

========================================================================
Received Prepare
Registering precompiled user dll's ...
Registered in 0.000901 seconds.
Begin MonoManager ReloadAssembly
Native extension for WindowsStandalone target not found
Refreshing native plugins compatible for Editor in 0.31 ms, found 0 plugins.
Preloading 0 native plugins for Editor in 0.00 ms.
Invoked RoslynAnalysisRunner static constructor.
RoslynAnalysisRunner will not be running.
RoslynAnalysisRunner has terminated.
Mono: successfully reloaded assembly
- Completed reload, in  1.703 seconds
Platform modules already initialized, skipping
Refreshing native plugins compatible for Editor in 0.98 ms, found 0 plugins.
Preloading 0 native plugins for Editor in 0.00 ms.
Unloading 1097 Unused Serialized files (Serialized files now loaded: 0)
System memory in use before: 60.2 MB.
System memory in use after: 60.3 MB.

Unloading 5 unused Assets to reduce memory usage. Loaded Objects now: 1615.
Total: 3.837800 ms (FindLiveObjects: 0.276000 ms CreateObjectMapping: 0.080500 ms MarkObjects: 3.374700 ms  DeleteObjects: 0.103700 ms)

========================================================================
Received Prepare
Registering precompiled user dll's ...
Registered in 0.001829 seconds.
Begin MonoManager ReloadAssembly
Native extension for WindowsStandalone target not found
Refreshing native plugins compatible for Editor in 0.33 ms, found 0 plugins.
Preloading 0 native plugins for Editor in 0.00 ms.
Invoked RoslynAnalysisRunner static constructor.
RoslynAnalysisRunner will not be running.
RoslynAnalysisRunner has terminated.
Mono: successfully reloaded assembly
- Completed reload, in  1.694 seconds
Platform modules already initialized, skipping
Refreshing native plugins compatible for Editor in 0.36 ms, found 0 plugins.
Preloading 0 native plugins for Editor in 0.00 ms.
Unloading 1097 Unused Serialized files (Serialized files now loaded: 0)
System memory in use before: 60.2 MB.
System memory in use after: 60.3 MB.

Unloading 5 unused Assets to reduce memory usage. Loaded Objects now: 1617.
Total: 3.409100 ms (FindLiveObjects: 0.605700 ms CreateObjectMapping: 0.133100 ms MarkObjects: 2.567600 ms  DeleteObjects: 0.100200 ms)

========================================================================
Received Prepare
Registering precompiled user dll's ...
Registered in 0.000893 seconds.
Begin MonoManager ReloadAssembly
Native extension for WindowsStandalone target not found
Refreshing native plugins compatible for Editor in 0.57 ms, found 0 plugins.
Preloading 0 native plugins for Editor in 0.00 ms.
Invoked RoslynAnalysisRunner static constructor.
RoslynAnalysisRunner will not be running.
RoslynAnalysisRunner has terminated.
Mono: successfully reloaded assembly
- Completed reload, in  2.189 seconds
Platform modules already initialized, skipping
Refreshing native plugins compatible for Editor in 0.31 ms, found 0 plugins.
Preloading 0 native plugins for Editor in 0.00 ms.
Unloading 1097 Unused Serialized files (Serialized files now loaded: 0)
System memory in use before: 60.2 MB.
System memory in use after: 60.3 MB.

Unloading 5 unused Assets to reduce memory usage. Loaded Objects now: 1619.
Total: 3.004500 ms (FindLiveObjects: 0.283000 ms CreateObjectMapping: 0.146900 ms MarkObjects: 2.485800 ms  DeleteObjects: 0.086100 ms)

========================================================================
Received Prepare
Registering precompiled user dll's ...
Registered in 0.001692 seconds.
Begin MonoManager ReloadAssembly
Native extension for WindowsStandalone target not found
Refreshing native plugins compatible for Editor in 0.32 ms, found 0 plugins.
Preloading 0 native plugins for Editor in 0.00 ms.
Invoked RoslynAnalysisRunner static constructor.
RoslynAnalysisRunner will not be running.
RoslynAnalysisRunner has terminated.
Mono: successfully reloaded assembly
- Completed reload, in  1.722 seconds
Platform modules already initialized, skipping
Refreshing native plugins compatible for Editor in 0.35 ms, found 0 plugins.
Preloading 0 native plugins for Editor in 0.00 ms.
Unloading 1097 Unused Serialized files (Serialized files now loaded: 0)
System memory in use before: 60.2 MB.
System memory in use after: 60.3 MB.

Unloading 5 unused Assets to reduce memory usage. Loaded Objects now: 1621.
Total: 2.931800 ms (FindLiveObjects: 0.206500 ms CreateObjectMapping: 0.068200 ms MarkObjects: 2.570900 ms  DeleteObjects: 0.084400 ms)

========================================================================
Received Prepare
Registering precompiled user dll's ...
Registered in 0.001441 seconds.
Begin MonoManager ReloadAssembly
Native extension for WindowsStandalone target not found
Refreshing native plugins compatible for Editor in 0.87 ms, found 0 plugins.
Preloading 0 native plugins for Editor in 0.00 ms.
Invoked RoslynAnalysisRunner static constructor.
RoslynAnalysisRunner will not be running.
RoslynAnalysisRunner has terminated.
Mono: successfully reloaded assembly
- Completed reload, in  2.225 seconds
Platform modules already initialized, skipping
Refreshing native plugins compatible for Editor in 0.39 ms, found 0 plugins.
Preloading 0 native plugins for Editor in 0.00 ms.
Unloading 1097 Unused Serialized files (Serialized files now loaded: 0)
System memory in use before: 60.2 MB.
System memory in use after: 60.3 MB.

Unloading 5 unused Assets to reduce memory usage. Loaded Objects now: 1623.
Total: 3.594000 ms (FindLiveObjects: 0.237700 ms CreateObjectMapping: 0.081400 ms MarkObjects: 3.157600 ms  DeleteObjects: 0.115000 ms)

========================================================================
Received Prepare
Registering precompiled user dll's ...
Registered in 0.000860 seconds.
Begin MonoManager ReloadAssembly
Native extension for WindowsStandalone target not found
Refreshing native plugins compatible for Editor in 0.41 ms, found 0 plugins.
Preloading 0 native plugins for Editor in 0.00 ms.
Invoked RoslynAnalysisRunner static constructor.
RoslynAnalysisRunner will not be running.
RoslynAnalysisRunner has terminated.
Mono: successfully reloaded assembly
- Completed reload, in  1.727 seconds
Platform modules already initialized, skipping
Refreshing native plugins compatible for Editor in 0.32 ms, found 0 plugins.
Preloading 0 native plugins for Editor in 0.00 ms.
Unloading 1097 Unused Serialized files (Serialized files now loaded: 0)
System memory in use before: 60.2 MB.
System memory in use after: 60.3 MB.

Unloading 5 unused Assets to reduce memory usage. Loaded Objects now: 1625.
Total: 2.747400 ms (FindLiveObjects: 0.246200 ms CreateObjectMapping: 0.065200 ms MarkObjects: 2.322700 ms  DeleteObjects: 0.111100 ms)

========================================================================
Received Prepare
Registering precompiled user dll's ...
Registered in 0.000860 seconds.
Begin MonoManager ReloadAssembly
Native extension for WindowsStandalone target not found
Refreshing native plugins compatible for Editor in 0.32 ms, found 0 plugins.
Preloading 0 native plugins for Editor in 0.00 ms.
Invoked RoslynAnalysisRunner static constructor.
RoslynAnalysisRunner will not be running.
RoslynAnalysisRunner has terminated.
Mono: successfully reloaded assembly
- Completed reload, in  2.147 seconds
Platform modules already initialized, skipping
Refreshing native plugins compatible for Editor in 0.58 ms, found 0 plugins.
Preloading 0 native plugins for Editor in 0.00 ms.
Unloading 1097 Unused Serialized files (Serialized files now loaded: 0)
System memory in use before: 60.2 MB.
System memory in use after: 60.3 MB.

Unloading 5 unused Assets to reduce memory usage. Loaded Objects now: 1627.
Total: 3.989600 ms (FindLiveObjects: 0.290500 ms CreateObjectMapping: 0.197000 ms MarkObjects: 3.408600 ms  DeleteObjects: 0.090800 ms)

========================================================================
Received Prepare
Registering precompiled user dll's ...
Registered in 0.000876 seconds.
Begin MonoManager ReloadAssembly
Native extension for WindowsStandalone target not found
Refreshing native plugins compatible for Editor in 0.38 ms, found 0 plugins.
Preloading 0 native plugins for Editor in 0.00 ms.
Invoked RoslynAnalysisRunner static constructor.
RoslynAnalysisRunner will not be running.
RoslynAnalysisRunner has terminated.
Mono: successfully reloaded assembly
- Completed reload, in  2.207 seconds
Platform modules already initialized, skipping
Refreshing native plugins compatible for Editor in 0.32 ms, found 0 plugins.
Preloading 0 native plugins for Editor in 0.00 ms.
Unloading 1097 Unused Serialized files (Serialized files now loaded: 0)
System memory in use before: 60.2 MB.
System memory in use after: 60.3 MB.

Unloading 5 unused Assets to reduce memory usage. Loaded Objects now: 1629.
Total: 2.846700 ms (FindLiveObjects: 0.209600 ms CreateObjectMapping: 0.064400 ms MarkObjects: 2.487200 ms  DeleteObjects: 0.083700 ms)

========================================================================
Received Prepare
Registering precompiled user dll's ...
Registered in 0.001243 seconds.
Begin MonoManager ReloadAssembly
Native extension for WindowsStandalone target not found
Refreshing native plugins compatible for Editor in 0.31 ms, found 0 plugins.
Preloading 0 native plugins for Editor in 0.00 ms.
Invoked RoslynAnalysisRunner static constructor.
RoslynAnalysisRunner will not be running.
RoslynAnalysisRunner has terminated.
Mono: successfully reloaded assembly
- Completed reload, in  2.000 seconds
Platform modules already initialized, skipping
Refreshing native plugins compatible for Editor in 0.31 ms, found 0 plugins.
Preloading 0 native plugins for Editor in 0.00 ms.
Unloading 1097 Unused Serialized files (Serialized files now loaded: 0)
System memory in use before: 60.2 MB.
System memory in use after: 60.3 MB.

Unloading 5 unused Assets to reduce memory usage. Loaded Objects now: 1631.
Total: 3.494300 ms (FindLiveObjects: 0.428300 ms CreateObjectMapping: 0.072300 ms MarkObjects: 2.901200 ms  DeleteObjects: 0.090400 ms)

========================================================================
Received Prepare
Registering precompiled user dll's ...
Registered in 0.001365 seconds.
Begin MonoManager ReloadAssembly
Native extension for WindowsStandalone target not found
Refreshing native plugins compatible for Editor in 0.50 ms, found 0 plugins.
Preloading 0 native plugins for Editor in 0.00 ms.
Invoked RoslynAnalysisRunner static constructor.
RoslynAnalysisRunner will not be running.
RoslynAnalysisRunner has terminated.
Mono: successfully reloaded assembly
- Completed reload, in  1.699 seconds
Platform modules already initialized, skipping
Refreshing native plugins compatible for Editor in 0.32 ms, found 0 plugins.
Preloading 0 native plugins for Editor in 0.00 ms.
Unloading 1097 Unused Serialized files (Serialized files now loaded: 0)
System memory in use before: 60.2 MB.
System memory in use after: 60.3 MB.

Unloading 5 unused Assets to reduce memory usage. Loaded Objects now: 1633.
Total: 3.593800 ms (FindLiveObjects: 0.351800 ms CreateObjectMapping: 0.070800 ms MarkObjects: 3.012000 ms  DeleteObjects: 0.156700 ms)

========================================================================
Received Prepare
Registering precompiled user dll's ...
Registered in 0.001111 seconds.
Begin MonoManager ReloadAssembly
Native extension for WindowsStandalone target not found
Refreshing native plugins compatible for Editor in 0.38 ms, found 0 plugins.
Preloading 0 native plugins for Editor in 0.00 ms.
Invoked RoslynAnalysisRunner static constructor.
RoslynAnalysisRunner will not be running.
RoslynAnalysisRunner has terminated.
Mono: successfully reloaded assembly
- Completed reload, in  1.720 seconds
Platform modules already initialized, skipping
Refreshing native plugins compatible for Editor in 0.35 ms, found 0 plugins.
Preloading 0 native plugins for Editor in 0.00 ms.
Unloading 1097 Unused Serialized files (Serialized files now loaded: 0)
System memory in use before: 60.2 MB.
System memory in use after: 60.3 MB.

Unloading 5 unused Assets to reduce memory usage. Loaded Objects now: 1635.
Total: 2.815700 ms (FindLiveObjects: 0.200500 ms CreateObjectMapping: 0.064400 ms MarkObjects: 2.430700 ms  DeleteObjects: 0.117600 ms)

========================================================================
Received Import Request.
  Time since last request: 4373.687677 seconds.
  path: Assets/Prefabs/Obstache.prefab
  artifactKey: Guid(2f9fc80a579269146a77560e9a3e61a4) Importer(815301076,1909f56bfc062723c751e8b465ee728b)
Start importing Assets/Prefabs/Obstache.prefab using Guid(2f9fc80a579269146a77560e9a3e61a4) Importer(815301076,1909f56bfc062723c751e8b465ee728b)  -> (artifact id: 'e9254a865ff5d8b88538f4754ef28417') in 0.193100 seconds
  Import took 0.208212 seconds .

========================================================================
Received Import Request.
  Time since last request: 0.000542 seconds.
  path: Assets/Prefabs/ObstachePattern3.prefab
  artifactKey: Guid(36a852bbae50d0e4d902aab5f0d6955b) Importer(815301076,1909f56bfc062723c751e8b465ee728b)
Start importing Assets/Prefabs/ObstachePattern3.prefab using Guid(36a852bbae50d0e4d902aab5f0d6955b) Importer(815301076,1909f56bfc062723c751e8b465ee728b)  -> (artifact id: '3e96ef2a27ba19e9da3bc68b3cc0c997') in 0.060150 seconds
  Import took 0.085789 seconds .

========================================================================
Received Import Request.
  Time since last request: 0.000411 seconds.
  path: Assets/Prefabs/ObstachePattern2.prefab
  artifactKey: Guid(2a90ece9cb18b22459bacd0f611bb292) Importer(815301076,1909f56bfc062723c751e8b465ee728b)
Start importing Assets/Prefabs/ObstachePattern2.prefab using Guid(2a90ece9cb18b22459bacd0f611bb292) Importer(815301076,1909f56bfc062723c751e8b465ee728b)  -> (artifact id: 'e06f9acadfd5a7366d96b83e85fbbd77') in 0.031031 seconds
  Import took 0.036818 seconds .

========================================================================
Received Import Request.
  Time since last request: 0.000483 seconds.
  path: Assets/Prefabs/ObstachePattern1.prefab
  artifactKey: Guid(989715dd85e68dc439bee7bf46d5638f) Importer(815301076,1909f56bfc062723c751e8b465ee728b)
Start importing Assets/Prefabs/ObstachePattern1.prefab using Guid(989715dd85e68dc439bee7bf46d5638f) Importer(815301076,1909f56bfc062723c751e8b465ee728b)  -> (artifact id: '877277f026e68b6b76b6600aba38579c') in 0.066991 seconds
  Import took 0.087137 seconds .

========================================================================
Received Import Request.
  Time since last request: 0.886818 seconds.
  path: Assets/Prefabs/Obstache.prefab
  artifactKey: Guid(2f9fc80a579269146a77560e9a3e61a4) Importer(815301076,1909f56bfc062723c751e8b465ee728b)
Start importing Assets/Prefabs/Obstache.prefab using Guid(2f9fc80a579269146a77560e9a3e61a4) Importer(815301076,1909f56bfc062723c751e8b465ee728b)  -> (artifact id: 'd2f425358781a486fd742d0d2990e228') in 0.029761 seconds
  Import took 0.035097 seconds .

========================================================================
Received Import Request.
  Time since last request: 0.010208 seconds.
  path: Assets/Prefabs/Obstache.prefab
  artifactKey: Guid(2f9fc80a579269146a77560e9a3e61a4) Importer(815301076,1909f56bfc062723c751e8b465ee728b)
Start importing Assets/Prefabs/Obstache.prefab using Guid(2f9fc80a579269146a77560e9a3e61a4) Importer(815301076,1909f56bfc062723c751e8b465ee728b)  -> (artifact id: 'd2f425358781a486fd742d0d2990e228') in 0.053524 seconds
  Import took 0.059681 seconds .

========================================================================
Received Import Request.
  Time since last request: 0.000473 seconds.
  path: Assets/Prefabs/ObstachePattern3.prefab
  artifactKey: Guid(36a852bbae50d0e4d902aab5f0d6955b) Importer(815301076,1909f56bfc062723c751e8b465ee728b)
Start importing Assets/Prefabs/ObstachePattern3.prefab using Guid(36a852bbae50d0e4d902aab5f0d6955b) Importer(815301076,1909f56bfc062723c751e8b465ee728b)  -> (artifact id: '0228221e16f65cb0c73e0efd191f767b') in 0.029895 seconds
  Import took 0.036615 seconds .

========================================================================
Received Import Request.
  Time since last request: 0.000598 seconds.
  path: Assets/Prefabs/ObstachePattern2.prefab
  artifactKey: Guid(2a90ece9cb18b22459bacd0f611bb292) Importer(815301076,1909f56bfc062723c751e8b465ee728b)
Start importing Assets/Prefabs/ObstachePattern2.prefab using Guid(2a90ece9cb18b22459bacd0f611bb292) Importer(815301076,1909f56bfc062723c751e8b465ee728b)  -> (artifact id: 'cc1b1536971e79268069f7cc17eb1eaf') in 0.040216 seconds
  Import took 0.045001 seconds .

========================================================================
Received Import Request.
  Time since last request: 0.000458 seconds.
  path: Assets/Prefabs/ObstachePattern1.prefab
  artifactKey: Guid(989715dd85e68dc439bee7bf46d5638f) Importer(815301076,1909f56bfc062723c751e8b465ee728b)
Start importing Assets/Prefabs/ObstachePattern1.prefab using Guid(989715dd85e68dc439bee7bf46d5638f) Importer(815301076,1909f56bfc062723c751e8b465ee728b)  -> (artifact id: '2fe48490a92310520b3f22dcc35027ee') in 0.027751 seconds
  Import took 0.033053 seconds .

========================================================================
Received Import Request.
  Time since last request: 0.401700 seconds.
  path: Assets/Prefabs/Obstache.prefab
  artifactKey: Guid(2f9fc80a579269146a77560e9a3e61a4) Importer(815301076,1909f56bfc062723c751e8b465ee728b)
Start importing Assets/Prefabs/Obstache.prefab using Guid(2f9fc80a579269146a77560e9a3e61a4) Importer(815301076,1909f56bfc062723c751e8b465ee728b)  -> (artifact id: 'de4f2d20081bbcfb9bf62417e08d420b') in 0.026150 seconds
  Import took 0.032161 seconds .

========================================================================
Received Import Request.
  Time since last request: 0.028851 seconds.
  path: Assets/Prefabs/Obstache.prefab
  artifactKey: Guid(2f9fc80a579269146a77560e9a3e61a4) Importer(815301076,1909f56bfc062723c751e8b465ee728b)
Start importing Assets/Prefabs/Obstache.prefab using Guid(2f9fc80a579269146a77560e9a3e61a4) Importer(815301076,1909f56bfc062723c751e8b465ee728b)  -> (artifact id: 'de4f2d20081bbcfb9bf62417e08d420b') in 0.030832 seconds
  Import took 0.036294 seconds .

========================================================================
Received Import Request.
  Time since last request: 0.000481 seconds.
  path: Assets/Prefabs/ObstachePattern3.prefab
  artifactKey: Guid(36a852bbae50d0e4d902aab5f0d6955b) Importer(815301076,1909f56bfc062723c751e8b465ee728b)
Start importing Assets/Prefabs/ObstachePattern3.prefab using Guid(36a852bbae50d0e4d902aab5f0d6955b) Importer(815301076,1909f56bfc062723c751e8b465ee728b)  -> (artifact id: 'ebaa7b97840e83e5016190440d82ce0e') in 0.031057 seconds
  Import took 0.042632 seconds .

========================================================================
Received Import Request.
  Time since last request: 0.000508 seconds.
  path: Assets/Prefabs/ObstachePattern2.prefab
  artifactKey: Guid(2a90ece9cb18b22459bacd0f611bb292) Importer(815301076,1909f56bfc062723c751e8b465ee728b)
Start importing Assets/Prefabs/ObstachePattern2.prefab using Guid(2a90ece9cb18b22459bacd0f611bb292) Importer(815301076,1909f56bfc062723c751e8b465ee728b)  -> (artifact id: 'cb7d52d08e1274f62a511e0da490f8f9') in 0.021019 seconds
  Import took 0.026814 seconds .

========================================================================
Received Import Request.
  Time since last request: 0.000412 seconds.
  path: Assets/Prefabs/ObstachePattern1.prefab
  artifactKey: Guid(989715dd85e68dc439bee7bf46d5638f) Importer(815301076,1909f56bfc062723c751e8b465ee728b)
Start importing Assets/Prefabs/ObstachePattern1.prefab using Guid(989715dd85e68dc439bee7bf46d5638f) Importer(815301076,1909f56bfc062723c751e8b465ee728b)  -> (artifact id: '92e4b8c48d5a07a910f9367b4dda441a') in 0.019222 seconds
  Import took 0.036553 seconds .

========================================================================
Received Prepare
Registering precompiled user dll's ...
Registered in 0.002208 seconds.
Begin MonoManager ReloadAssembly
Native extension for WindowsStandalone target not found
Refreshing native plugins compatible for Editor in 0.31 ms, found 0 plugins.
Preloading 0 native plugins for Editor in 0.00 ms.
Invoked RoslynAnalysisRunner static constructor.
RoslynAnalysisRunner will not be running.
RoslynAnalysisRunner has terminated.
Mono: successfully reloaded assembly
- Completed reload, in  1.556 seconds
Platform modules already initialized, skipping
Refreshing native plugins compatible for Editor in 0.31 ms, found 0 plugins.
Preloading 0 native plugins for Editor in 0.00 ms.
Unloading 1097 Unused Serialized files (Serialized files now loaded: 0)
System memory in use before: 60.3 MB.
System memory in use after: 60.3 MB.

Unloading 5 unused Assets to reduce memory usage. Loaded Objects now: 1638.
Total: 2.982700 ms (FindLiveObjects: 0.199500 ms CreateObjectMapping: 0.063600 ms MarkObjects: 2.611200 ms  DeleteObjects: 0.106000 ms)

========================================================================
Received Import Request.
  Time since last request: 150.722348 seconds.
  path: Assets/Prefabs/Obstache.prefab
  artifactKey: Guid(2f9fc80a579269146a77560e9a3e61a4) Importer(815301076,1909f56bfc062723c751e8b465ee728b)
Start importing Assets/Prefabs/Obstache.prefab using Guid(2f9fc80a579269146a77560e9a3e61a4) Importer(815301076,1909f56bfc062723c751e8b465ee728b)  -> (artifact id: '3c59945a9f2d91ab2a310d8d5ecd41c8') in 0.194420 seconds
  Import took 0.200022 seconds .

========================================================================
Received Import Request.
  Time since last request: 0.000374 seconds.
  path: Assets/Prefabs/ObstachePattern3.prefab
  artifactKey: Guid(36a852bbae50d0e4d902aab5f0d6955b) Importer(815301076,1909f56bfc062723c751e8b465ee728b)
Start importing Assets/Prefabs/ObstachePattern3.prefab using Guid(36a852bbae50d0e4d902aab5f0d6955b) Importer(815301076,1909f56bfc062723c751e8b465ee728b)  -> (artifact id: 'de765ef3de837bb84112ff1820088789') in 0.020481 seconds
  Import took 0.023984 seconds .

========================================================================
Received Import Request.
  Time since last request: 0.000459 seconds.
  path: Assets/Prefabs/ObstachePattern2.prefab
  artifactKey: Guid(2a90ece9cb18b22459bacd0f611bb292) Importer(815301076,1909f56bfc062723c751e8b465ee728b)
Start importing Assets/Prefabs/ObstachePattern2.prefab using Guid(2a90ece9cb18b22459bacd0f611bb292) Importer(815301076,1909f56bfc062723c751e8b465ee728b)  -> (artifact id: 'e3e935b192736ae442126f56231d6f89') in 0.020924 seconds
  Import took 0.077616 seconds .

========================================================================
Received Import Request.
  Time since last request: 0.000606 seconds.
  path: Assets/Prefabs/ObstachePattern1.prefab
  artifactKey: Guid(989715dd85e68dc439bee7bf46d5638f) Importer(815301076,1909f56bfc062723c751e8b465ee728b)
Start importing Assets/Prefabs/ObstachePattern1.prefab using Guid(989715dd85e68dc439bee7bf46d5638f) Importer(815301076,1909f56bfc062723c751e8b465ee728b)  -> (artifact id: 'aa879aa75e71b7f9902a06d9029b86cd') in 0.028759 seconds
  Import took 0.033193 seconds .

========================================================================
Received Import Request.
  Time since last request: 0.018169 seconds.
  path: Assets/Prefabs/ObstachePattern2.prefab
  artifactKey: Guid(2a90ece9cb18b22459bacd0f611bb292) Importer(815301076,1909f56bfc062723c751e8b465ee728b)
Start importing Assets/Prefabs/ObstachePattern2.prefab using Guid(2a90ece9cb18b22459bacd0f611bb292) Importer(815301076,1909f56bfc062723c751e8b465ee728b)  -> (artifact id: 'e3e935b192736ae442126f56231d6f89') in 0.022037 seconds
  Import took 0.027486 seconds .

========================================================================
Received Import Request.
  Time since last request: 148.945982 seconds.
  path: Assets/Prefabs/ObstachePattern2.prefab
  artifactKey: Guid(2a90ece9cb18b22459bacd0f611bb292) Importer(815301076,1909f56bfc062723c751e8b465ee728b)
Start importing Assets/Prefabs/ObstachePattern2.prefab using Guid(2a90ece9cb18b22459bacd0f611bb292) Importer(815301076,1909f56bfc062723c751e8b465ee728b)  -> (artifact id: 'cfe435f0362c73ed5c167873e0e218dd') in 0.046672 seconds
  Import took 0.054119 seconds .

========================================================================
Received Import Request.
  Time since last request: 3.112087 seconds.
  path: Assets/Prefabs/ObstachePattern2.prefab
  artifactKey: Guid(2a90ece9cb18b22459bacd0f611bb292) Importer(815301076,1909f56bfc062723c751e8b465ee728b)
Start importing Assets/Prefabs/ObstachePattern2.prefab using Guid(2a90ece9cb18b22459bacd0f611bb292) Importer(815301076,1909f56bfc062723c751e8b465ee728b)  -> (artifact id: '0090d4e0537f0cd8664b67812b610153') in 0.048108 seconds
  Import took 0.055471 seconds .

========================================================================
Received Import Request.
  Time since last request: 6.612998 seconds.
  path: Assets/Prefabs/ObstachePattern3.prefab
  artifactKey: Guid(36a852bbae50d0e4d902aab5f0d6955b) Importer(815301076,1909f56bfc062723c751e8b465ee728b)
Start importing Assets/Prefabs/ObstachePattern3.prefab using Guid(36a852bbae50d0e4d902aab5f0d6955b) Importer(815301076,1909f56bfc062723c751e8b465ee728b)  -> (artifact id: '700db6757b97bb58aa1525ee6d826d82') in 0.025729 seconds
  Import took 0.033398 seconds .

========================================================================
Received Import Request.
  Time since last request: 3.155593 seconds.
  path: Assets/Prefabs/ObstachePattern3.prefab
  artifactKey: Guid(36a852bbae50d0e4d902aab5f0d6955b) Importer(815301076,1909f56bfc062723c751e8b465ee728b)
Start importing Assets/Prefabs/ObstachePattern3.prefab using Guid(36a852bbae50d0e4d902aab5f0d6955b) Importer(815301076,1909f56bfc062723c751e8b465ee728b)  -> (artifact id: '412f8595c77fab1aa955d6e5227be8d5') in 0.055321 seconds
  Import took 0.069513 seconds .

========================================================================
Received Prepare
Registering precompiled user dll's ...
Registered in 0.000953 seconds.
Begin MonoManager ReloadAssembly
Native extension for WindowsStandalone target not found
Refreshing native plugins compatible for Editor in 0.36 ms, found 0 plugins.
Preloading 0 native plugins for Editor in 0.00 ms.
Invoked RoslynAnalysisRunner static constructor.
RoslynAnalysisRunner will not be running.
RoslynAnalysisRunner has terminated.
Mono: successfully reloaded assembly
- Completed reload, in  1.706 seconds
Platform modules already initialized, skipping
Refreshing native plugins compatible for Editor in 0.31 ms, found 0 plugins.
Preloading 0 native plugins for Editor in 0.00 ms.
Unloading 1097 Unused Serialized files (Serialized files now loaded: 0)
System memory in use before: 60.3 MB.
System memory in use after: 60.4 MB.

Unloading 5 unused Assets to reduce memory usage. Loaded Objects now: 1641.
Total: 3.832100 ms (FindLiveObjects: 0.314800 ms CreateObjectMapping: 0.075100 ms MarkObjects: 3.338600 ms  DeleteObjects: 0.101000 ms)

========================================================================
Received Import Request.
  Time since last request: 33.297169 seconds.
  path: Assets/Prefabs/Obstache.prefab
  artifactKey: Guid(2f9fc80a579269146a77560e9a3e61a4) Importer(815301076,1909f56bfc062723c751e8b465ee728b)
Start importing Assets/Prefabs/Obstache.prefab using Guid(2f9fc80a579269146a77560e9a3e61a4) Importer(815301076,1909f56bfc062723c751e8b465ee728b)  -> (artifact id: 'ed045b064cbb972b657714f9acc7b416') in 0.114225 seconds
  Import took 0.118403 seconds .

========================================================================
Received Import Request.
  Time since last request: 0.000385 seconds.
  path: Assets/Prefabs/ObstachePattern3.prefab
  artifactKey: Guid(36a852bbae50d0e4d902aab5f0d6955b) Importer(815301076,1909f56bfc062723c751e8b465ee728b)
Start importing Assets/Prefabs/ObstachePattern3.prefab using Guid(36a852bbae50d0e4d902aab5f0d6955b) Importer(815301076,1909f56bfc062723c751e8b465ee728b)  -> (artifact id: '7eb4ee5a100f954dcccc1a9cb976dbee') in 0.026236 seconds
  Import took 0.080120 seconds .

========================================================================
Received Import Request.
  Time since last request: 0.000412 seconds.
  path: Assets/Prefabs/ObstachePattern2.prefab
  artifactKey: Guid(2a90ece9cb18b22459bacd0f611bb292) Importer(815301076,1909f56bfc062723c751e8b465ee728b)
Start importing Assets/Prefabs/ObstachePattern2.prefab using Guid(2a90ece9cb18b22459bacd0f611bb292) Importer(815301076,1909f56bfc062723c751e8b465ee728b)  -> (artifact id: 'd1b796f47c705018dfe562257fa47e84') in 0.018281 seconds
  Import took 0.022944 seconds .

========================================================================
Received Import Request.
  Time since last request: 0.000398 seconds.
  path: Assets/Prefabs/ObstachePattern1.prefab
  artifactKey: Guid(989715dd85e68dc439bee7bf46d5638f) Importer(815301076,1909f56bfc062723c751e8b465ee728b)
Start importing Assets/Prefabs/ObstachePattern1.prefab using Guid(989715dd85e68dc439bee7bf46d5638f) Importer(815301076,1909f56bfc062723c751e8b465ee728b)  -> (artifact id: '448bf6bbbaf0db297b5b86798e2245ce') in 0.026713 seconds
  Import took 0.031832 seconds .

========================================================================
Received Prepare
Registering precompiled user dll's ...
Registered in 0.001282 seconds.
Begin MonoManager ReloadAssembly
Native extension for WindowsStandalone target not found
Refreshing native plugins compatible for Editor in 0.31 ms, found 0 plugins.
Preloading 0 native plugins for Editor in 0.00 ms.
Invoked RoslynAnalysisRunner static constructor.
RoslynAnalysisRunner will not be running.
RoslynAnalysisRunner has terminated.
Mono: successfully reloaded assembly
- Completed reload, in  1.764 seconds
Platform modules already initialized, skipping
Refreshing native plugins compatible for Editor in 0.37 ms, found 0 plugins.
Preloading 0 native plugins for Editor in 0.00 ms.
Unloading 1097 Unused Serialized files (Serialized files now loaded: 0)
System memory in use before: 60.3 MB.
System memory in use after: 60.4 MB.

Unloading 5 unused Assets to reduce memory usage. Loaded Objects now: 1644.
Total: 3.540800 ms (FindLiveObjects: 0.233700 ms CreateObjectMapping: 0.078700 ms MarkObjects: 3.118900 ms  DeleteObjects: 0.107100 ms)

